<?xml version="1.0" encoding="UTF-8"?>
<!-- Generated by org.testng.reporters.JUnitReportReporter -->
<testsuite hostname="DESKTOP-J7DRRNI" failures="0" tests="1" name="com.iguruBank.utilities.extentReportDemo" time="0.715" errors="0" timestamp="2021-01-07T20:16:13 IST" skipped="0">
  <testcase classname="com.iguruBank.utilities.extentReportDemo" name="signInTest" time="0.715"/>
  <system-out/>
</testsuite> <!-- com.iguruBank.utilities.extentReportDemo -->
