<?xml version="1.0" encoding="UTF-8"?>
<!-- Generated by org.testng.reporters.JUnitReportReporter -->
<testsuite hostname="DESKTOP-J7DRRNI" failures="0" tests="1" name="com.iguruBank.testCases.TC_LoginTest_001" time="11.011" errors="0" timestamp="2021-01-04T17:41:48 IST" skipped="0">
  <testcase classname="com.iguruBank.testCases.TC_LoginTest_001" name="loginTest" time="11.011"/>
  <system-out/>
</testsuite> <!-- com.iguruBank.testCases.TC_LoginTest_001 -->
